0 verbose cli /var/www/projects/woopons/woopons/.nvm/versions/node/v16.18.1/bin/node /var/www/projects/woopons/woopons/.nvm/versions/node/v16.18.1/bin/npm
1 info using npm@8.19.2
2 info using node@v16.18.1
3 timing npm:load:whichnode Completed in 0ms
4 timing config:load:defaults Completed in 3ms
5 timing config:load:file:/var/www/projects/woopons/woopons/.nvm/versions/node/v16.18.1/lib/node_modules/npm/npmrc Completed in 5ms
6 timing config:load:builtin Completed in 5ms
7 timing config:load:cli Completed in 3ms
8 timing config:load:env Completed in 0ms
9 timing config:load:project Completed in 1ms
10 timing config:load:file:/var/www/projects/woopons/woopons/.npmrc Completed in 0ms
11 timing config:load:user Completed in 0ms
12 timing config:load:file:/var/www/projects/woopons/woopons/.nvm/versions/node/v16.18.1/etc/npmrc Completed in 0ms
13 timing config:load:global Completed in 0ms
14 timing config:load:validate Completed in 0ms
15 timing config:load:credentials Completed in 1ms
16 timing config:load:setEnvs Completed in 1ms
17 timing config:load Completed in 16ms
18 timing npm:load:configload Completed in 16ms
19 timing npm:load:mkdirpcache Completed in 1ms
20 timing npm:load:mkdirplogs Completed in 1ms
21 verbose title npm
22 verbose argv "--version"
23 timing npm:load:setTitle Completed in 1ms
24 timing config:load:flatten Completed in 4ms
25 timing npm:load:display Completed in 5ms
26 verbose logfile logs-max:10 dir:/var/www/projects/woopons/woopons/.npm/_logs
27 verbose logfile /var/www/projects/woopons/woopons/.npm/_logs/2022-11-14T08_53_06_318Z-debug-0.log
28 timing npm:load:logFile Completed in 6ms
29 timing npm:load:timers Completed in 0ms
30 timing npm:load:configScope Completed in 0ms
31 timing npm:load Completed in 31ms
32 verbose exit 0
33 timing npm Completed in 38ms
34 info ok
