0 verbose cli [
0 verbose cli   '/var/www/projects/woopons/woopons/.nvm/versions/node/v16.0.0/bin/node',
0 verbose cli   '/var/www/projects/woopons/woopons/.nvm/versions/node/v16.0.0/bin/npm',
0 verbose cli   'i',
0 verbose cli   'react-otp-input',
0 verbose cli   '--legacy-peer-deeps'
0 verbose cli ]
1 info using npm@7.10.0
2 info using node@v16.0.0
3 timing npm:load:whichnode Completed in 1ms
4 timing config:load:defaults Completed in 1ms
5 timing config:load:file:/var/www/projects/woopons/woopons/.nvm/versions/node/v16.0.0/lib/node_modules/npm/npmrc Completed in 0ms
6 timing config:load:builtin Completed in 0ms
7 timing config:load:cli Completed in 2ms
8 timing config:load:env Completed in 1ms
9 timing config:load:project Completed in 0ms
10 timing config:load:file:/var/www/projects/woopons/woopons/.npmrc Completed in 1ms
11 timing config:load:user Completed in 1ms
12 timing config:load:file:/var/www/projects/woopons/woopons/.nvm/versions/node/v16.0.0/etc/npmrc Completed in 0ms
13 timing config:load:global Completed in 0ms
14 timing config:load:validate Completed in 0ms
15 timing config:load:setEnvs Completed in 1ms
16 timing config:load Completed in 8ms
17 timing npm:load:configload Completed in 8ms
18 timing npm:load:setTitle Completed in 0ms
19 timing npm:load:setupLog Completed in 2ms
20 timing npm:load:cleanupLog Completed in 3ms
21 timing npm:load:configScope Completed in 0ms
22 timing npm:load:projectScope Completed in 1ms
23 timing npm:load Completed in 16ms
24 timing config:load:flatten Completed in 4ms
25 timing arborist:ctor Completed in 1ms
26 timing idealTree:init Completed in 1683ms
27 timing idealTree:userRequests Completed in 18ms
28 silly idealTree buildDeps
29 silly fetch manifest react-otp-input@*
30 timing arborist:ctor Completed in 0ms
31 http fetch GET 304 https://registry.npmjs.org/react-otp-input 1608ms (from cache)
32 silly fetch manifest react@^18.2.0
33 http fetch GET 200 https://registry.npmjs.org/react 12ms (from cache)
34 silly fetch manifest react@^16.2.0
35 timing idealTree Completed in 3374ms
36 timing command:install Completed in 3390ms
37 verbose stack Error: unable to resolve dependency tree
37 verbose stack     at Arborist.[failPeerConflict] (/var/www/projects/woopons/woopons/.nvm/versions/node/v16.0.0/lib/node_modules/npm/node_modules/@npmcli/arborist/lib/arborist/build-ideal-tree.js:1210:25)
37 verbose stack     at Arborist.[loadPeerSet] (/var/www/projects/woopons/woopons/.nvm/versions/node/v16.0.0/lib/node_modules/npm/node_modules/@npmcli/arborist/lib/arborist/build-ideal-tree.js:1187:34)
37 verbose stack     at async Arborist.[buildDepStep] (/var/www/projects/woopons/woopons/.nvm/versions/node/v16.0.0/lib/node_modules/npm/node_modules/@npmcli/arborist/lib/arborist/build-ideal-tree.js:891:11)
37 verbose stack     at async Arborist.buildIdealTree (/var/www/projects/woopons/woopons/.nvm/versions/node/v16.0.0/lib/node_modules/npm/node_modules/@npmcli/arborist/lib/arborist/build-ideal-tree.js:217:7)
37 verbose stack     at async Promise.all (index 1)
37 verbose stack     at async Arborist.reify (/var/www/projects/woopons/woopons/.nvm/versions/node/v16.0.0/lib/node_modules/npm/node_modules/@npmcli/arborist/lib/arborist/reify.js:134:5)
37 verbose stack     at async Install.install (/var/www/projects/woopons/woopons/.nvm/versions/node/v16.0.0/lib/node_modules/npm/lib/install.js:137:5)
38 verbose cwd /var/www/projects/woopons/woopons
39 verbose Linux 3.10.0-1127.19.1.el7.x86_64
40 verbose argv "/var/www/projects/woopons/woopons/.nvm/versions/node/v16.0.0/bin/node" "/var/www/projects/woopons/woopons/.nvm/versions/node/v16.0.0/bin/npm" "i" "react-otp-input" "--legacy-peer-deeps"
41 verbose node v16.0.0
42 verbose npm  v7.10.0
43 error code ERESOLVE
44 error ERESOLVE unable to resolve dependency tree
45 error
46 error While resolving: [1mundefined[22m@[1mundefined[22m
46 error Found: [1mreact[22m@[1m18.2.0[22m[2m[22m
46 error [2mnode_modules/react[22m
46 error   [1mreact[22m@"[1m^18.2.0[22m" from the root project
46 error
46 error Could not resolve dependency:
46 error [35mpeer[39m [1mreact[22m@"[1m^16.2.0[22m" from [1mreact-otp-input[22m@[1m2.4.0[22m[2m[22m
46 error [2mnode_modules/react-otp-input[22m
46 error   [1mreact-otp-input[22m@"[1m*[22m" from the root project
46 error
46 error Fix the upstream dependency conflict, or retry
46 error this command with --force, or --legacy-peer-deps
46 error to accept an incorrect (and potentially broken) dependency resolution.
46 error
46 error See /var/www/projects/woopons/woopons/.npm/eresolve-report.txt for a full report.
47 verbose exit 1
