0 verbose cli [
0 verbose cli   '/var/www/projects/woopons/woopons/.nvm/versions/node/v16.0.0/bin/node',
0 verbose cli   '/var/www/projects/woopons/woopons/.nvm/versions/node/v16.0.0/bin/npm',
0 verbose cli   'run',
0 verbose cli   'atch',
0 verbose cli   'vite'
0 verbose cli ]
1 info using npm@7.10.0
2 info using node@v16.0.0
3 timing npm:load:whichnode Completed in 1ms
4 timing config:load:defaults Completed in 1ms
5 timing config:load:file:/var/www/projects/woopons/woopons/.nvm/versions/node/v16.0.0/lib/node_modules/npm/npmrc Completed in 1ms
6 timing config:load:builtin Completed in 1ms
7 timing config:load:cli Completed in 1ms
8 timing config:load:env Completed in 0ms
9 timing config:load:project Completed in 1ms
10 timing config:load:file:/var/www/projects/woopons/woopons/.npmrc Completed in 0ms
11 timing config:load:user Completed in 0ms
12 timing config:load:file:/var/www/projects/woopons/woopons/.nvm/versions/node/v16.0.0/etc/npmrc Completed in 0ms
13 timing config:load:global Completed in 0ms
14 timing config:load:validate Completed in 0ms
15 timing config:load:setEnvs Completed in 1ms
16 timing config:load Completed in 5ms
17 timing npm:load:configload Completed in 5ms
18 timing npm:load:setTitle Completed in 0ms
19 timing npm:load:setupLog Completed in 1ms
20 timing npm:load:cleanupLog Completed in 2ms
21 timing npm:load:configScope Completed in 0ms
22 timing npm:load:projectScope Completed in 0ms
23 timing npm:load Completed in 9ms
24 timing config:load:flatten Completed in 2ms
25 timing command:run-script Completed in 2ms
26 verbose stack Error: Missing script: "atch"
26 verbose stack
26 verbose stack Did you mean this?
26 verbose stack     npm run watch # run the "watch" package script
26 verbose stack
26 verbose stack To see a list of scripts, run:
26 verbose stack   npm run
26 verbose stack     at RunScript.run (/var/www/projects/woopons/woopons/.nvm/versions/node/v16.0.0/lib/node_modules/npm/lib/run-script.js:99:13)
27 verbose cwd /var/www/projects/woopons/woopons
28 verbose Linux 3.10.0-1127.19.1.el7.x86_64
29 verbose argv "/var/www/projects/woopons/woopons/.nvm/versions/node/v16.0.0/bin/node" "/var/www/projects/woopons/woopons/.nvm/versions/node/v16.0.0/bin/npm" "run" "atch" "vite"
30 verbose node v16.0.0
31 verbose npm  v7.10.0
32 error Missing script: "atch"
32 error
32 error Did you mean this?
32 error     npm run watch # run the "watch" package script
32 error
32 error To see a list of scripts, run:
32 error   npm run
33 verbose exit 1
